2012-10-06 06:58:44,354 - [INFO] - from play in main 
Listening for HTTP on port 9000...

2012-10-06 07:03:34,899 - [INFO] - from play in play-akka.actor.default-dispatcher-3 
database [default] connected at jdbc:h2:mem:play

2012-10-06 07:03:40,096 - [ERROR] - from application in New I/O  worker #1 


! @6c0f53kip - Internal server error, for request [GET /] ->

play.api.db.evolutions.InvalidDatabaseRevision: Database 'default' needs evolution! [An SQL script need to be run on your database.]
	at play.api.db.evolutions.EvolutionsPlugin$$anonfun$onStart$1$$anonfun$apply$1.apply$mcV$sp(Evolutions.scala:427) ~[play_2.9.1.jar:2.0.4]
	at play.api.db.evolutions.EvolutionsPlugin.withLock(Evolutions.scala:448) ~[play_2.9.1.jar:2.0.4]
	at play.api.db.evolutions.EvolutionsPlugin$$anonfun$onStart$1.apply(Evolutions.scala:414) ~[play_2.9.1.jar:2.0.4]
	at play.api.db.evolutions.EvolutionsPlugin$$anonfun$onStart$1.apply(Evolutions.scala:412) ~[play_2.9.1.jar:2.0.4]
	at scala.collection.LinearSeqOptimized$class.foreach(LinearSeqOptimized.scala:59) ~[scala-library.jar:0.11.3]
	at scala.collection.immutable.List.foreach(List.scala:45) ~[scala-library.jar:0.11.3]
	at play.api.db.evolutions.EvolutionsPlugin.onStart(Evolutions.scala:412) ~[play_2.9.1.jar:2.0.4]
	at play.api.Play$$anonfun$start$1.apply(Play.scala:60) ~[play_2.9.1.jar:2.0.4]
	at play.api.Play$$anonfun$start$1.apply(Play.scala:60) ~[play_2.9.1.jar:2.0.4]
	at scala.collection.LinearSeqOptimized$class.foreach(LinearSeqOptimized.scala:59) ~[scala-library.jar:0.11.3]
	at scala.collection.immutable.List.foreach(List.scala:45) ~[scala-library.jar:0.11.3]
	at play.api.Play$.start(Play.scala:60) ~[play_2.9.1.jar:2.0.4]
	at play.core.ReloadableApplication$$anonfun$get$1$$anonfun$apply$3$$anonfun$1.apply(ApplicationProvider.scala:125) ~[play_2.9.1.jar:2.0.4]
	at play.core.ReloadableApplication$$anonfun$get$1$$anonfun$apply$3$$anonfun$1.apply(ApplicationProvider.scala:112) ~[play_2.9.1.jar:2.0.4]
	at scala.Option.map(Option.scala:133) ~[scala-library.jar:0.11.3]
	at play.core.ReloadableApplication$$anonfun$get$1$$anonfun$apply$3.apply(ApplicationProvider.scala:112) ~[play_2.9.1.jar:2.0.4]
	at play.core.ReloadableApplication$$anonfun$get$1$$anonfun$apply$3.apply(ApplicationProvider.scala:110) ~[play_2.9.1.jar:2.0.4]
	at scala.Either$RightProjection.flatMap(Either.scala:277) ~[scala-library.jar:0.11.3]
	at play.core.ReloadableApplication$$anonfun$get$1.apply(ApplicationProvider.scala:110) ~[play_2.9.1.jar:2.0.4]
	at play.core.ReloadableApplication$$anonfun$get$1.apply(ApplicationProvider.scala:110) ~[play_2.9.1.jar:2.0.4]
	at akka.dispatch.Future$$anon$3.liftedTree1$1(Future.scala:195) ~[akka-actor.jar:2.0.2]
	at akka.dispatch.Future$$anon$3.run(Future.scala:194) ~[akka-actor.jar:2.0.2]
	at akka.dispatch.TaskInvocation.run(AbstractDispatcher.scala:94) ~[akka-actor.jar:2.0.2]
	at akka.jsr166y.ForkJoinTask$AdaptedRunnableAction.exec(ForkJoinTask.java:1381) ~[akka-actor.jar:2.0.2]
	at akka.jsr166y.ForkJoinTask.doExec(ForkJoinTask.java:259) ~[akka-actor.jar:2.0.2]
	at akka.jsr166y.ForkJoinPool$WorkQueue.runTask(ForkJoinPool.java:975) ~[akka-actor.jar:2.0.2]
	at akka.jsr166y.ForkJoinPool.runWorker(ForkJoinPool.java:1479) ~[akka-actor.jar:2.0.2]
	at akka.jsr166y.ForkJoinWorkerThread.run(ForkJoinWorkerThread.java:104) ~[akka-actor.jar:2.0.2]

2012-10-06 07:03:43,441 - [WARN] - from play in New I/O  worker #1 
Applying evolution script for database 'default':

# --- Rev:1,Ups - a68790d
create table account (
email                     varchar(255) not null,
name                      varchar(255),
password                  varchar(255),
constraint pk_account primary key (email)
);

create table project (
id                        bigint not null,
name                      varchar(255),
folder                    varchar(255),
constraint pk_project primary key (id)
);

create table task (
id                        bigint not null,
title                     varchar(255),
done                      boolean,
due_date                  timestamp,
assigned_to_email         varchar(255),
folder                    varchar(255),
project_id                bigint,
constraint pk_task primary key (id),
foreign key (assigned_to_email) references account (email) on delete set null on update restrict,
foreign key (project_id) references project (id) on delete cascade on update restrict
);

create table project_account (
project_id                     bigint not null,
account_email                     varchar(255) not null,
constraint pk_project_account primary key (project_id, account_email),
foreign key (project_id) references project (id) on delete cascade on update restrict,
foreign key (account_email) references account (email) on delete cascade on update restrict
);

create sequence project_seq start with 1000;
create sequence task_seq start with 1000;


2012-10-06 07:03:45,959 - [INFO] - from play in play-akka.actor.default-dispatcher-3 
database [default] connected at jdbc:h2:mem:play

2012-10-06 07:03:47,262 - [INFO] - from play in play-akka.actor.default-dispatcher-3 
Application started (Dev)

